<?xml version="1.0" encoding="UTF-8"?>
<robot generator="Robot 6.0rc2 (Python 3.10.8 on win32)" generated="20221020 20:18:46.969" rpa="false" schemaversion="3">
<suite id="s1" name="Ru E-Shop" source="C:\Users\evgen\PycharmProjects\secondStepOfInterview\test_cases\ru_e-shop.robot">
<test id="s1-t1" name="Our First Test Case" line="7">
<kw name="Open Browser and Maximize" library="resources_main" type="SETUP">
<arg>${url}</arg>
<arg>${browser_name}</arg>
<kw name="Open Browser" library="SeleniumLibrary">
<arg>${url}</arg>
<arg>${browser_name}</arg>
<doc>Opens a new browser instance to the optional ``url``.</doc>
<msg timestamp="20221020 20:18:47.470" level="INFO">Opening browser 'Chrome' to base url 'https://vitaminof.ru/'.</msg>
<status status="PASS" starttime="20221020 20:18:47.470" endtime="20221020 20:18:55.409"/>
</kw>
<kw name="Maximize Browser Window" library="SeleniumLibrary">
<doc>Maximizes current browser window.</doc>
<status status="PASS" starttime="20221020 20:18:55.409" endtime="20221020 20:18:55.572"/>
</kw>
<kw name="Log" library="BuiltIn">
<arg>Starting test in ${browser_name}</arg>
<doc>Logs the given message with the given level.</doc>
<msg timestamp="20221020 20:18:55.572" level="INFO">Starting test in Chrome</msg>
<status status="PASS" starttime="20221020 20:18:55.572" endtime="20221020 20:18:55.572"/>
</kw>
<kw name="Log" library="BuiltIn">
<arg>Test URL: ${url}</arg>
<doc>Logs the given message with the given level.</doc>
<msg timestamp="20221020 20:18:55.572" level="INFO">Test URL: https://vitaminof.ru/</msg>
<status status="PASS" starttime="20221020 20:18:55.572" endtime="20221020 20:18:55.572"/>
</kw>
<status status="PASS" starttime="20221020 20:18:47.470" endtime="20221020 20:18:55.572"/>
</kw>
<kw name="Login to the Webpage" library="resources_main">
<arg>${user_email}</arg>
<arg>${password}</arg>
<kw name="Click Element" library="SeleniumLibrary">
<arg>//*[@id="personal_block"]/div[2]/span</arg>
<doc>Click the element identified by ``locator``.</doc>
<msg timestamp="20221020 20:18:55.572" level="INFO">Clicking element '//*[@id="personal_block"]/div[2]/span'.</msg>
<status status="PASS" starttime="20221020 20:18:55.572" endtime="20221020 20:18:55.803"/>
</kw>
<kw name="Wait Until Element Is Visible" library="SeleniumLibrary">
<arg>id:wrap_ajax_auth</arg>
<doc>Waits until the element ``locator`` is visible.</doc>
<status status="PASS" starttime="20221020 20:18:55.803" endtime="20221020 20:18:55.904"/>
</kw>
<kw name="Input Text" library="SeleniumLibrary">
<arg>id:USER_LOGIN_POPUP</arg>
<arg>${user_email}</arg>
<doc>Types the given ``text`` into the text field identified by ``locator``.</doc>
<msg timestamp="20221020 20:18:55.905" level="INFO">Typing text 'testtesterov@gmail.com' into text field 'id:USER_LOGIN_POPUP'.</msg>
<status status="PASS" starttime="20221020 20:18:55.904" endtime="20221020 20:18:56.078"/>
</kw>
<kw name="Input Password" library="SeleniumLibrary">
<arg>id:USER_PASSWORD_POPUP</arg>
<arg>${password}</arg>
<doc>Types the given password into the text field identified by ``locator``.</doc>
<msg timestamp="20221020 20:18:56.078" level="INFO">Typing password into text field 'id:USER_PASSWORD_POPUP'.</msg>
<msg timestamp="20221020 20:18:56.146" level="INFO">Temporally setting log level to: NONE</msg>
<msg timestamp="20221020 20:18:56.274" level="INFO">Log level changed from NONE to INFO.</msg>
<status status="PASS" starttime="20221020 20:18:56.078" endtime="20221020 20:18:56.274"/>
</kw>
<kw name="Click Button" library="SeleniumLibrary">
<arg>name:Login</arg>
<doc>Clicks the button identified by ``locator``.</doc>
<msg timestamp="20221020 20:18:56.274" level="INFO">Clicking button 'name:Login'.</msg>
<status status="PASS" starttime="20221020 20:18:56.274" endtime="20221020 20:18:56.428"/>
</kw>
<status status="PASS" starttime="20221020 20:18:55.572" endtime="20221020 20:18:56.428"/>
</kw>
<kw name="Set Screenshot Directory" library="SeleniumLibrary">
<arg>../screenshots</arg>
<doc>Sets the directory for captured screenshots.</doc>
<status status="PASS" starttime="20221020 20:18:56.428" endtime="20221020 20:18:56.428"/>
</kw>
<kw name="Choosing the &quot;protein&quot;" library="resources_main">
<kw name="Mouse Over" library="SeleniumLibrary">
<arg>class:menu_item_l1</arg>
<doc>Simulates hovering the mouse over the element ``locator``.</doc>
<msg timestamp="20221020 20:18:56.428" level="INFO">Simulating Mouse Over on element 'class:menu_item_l1'.</msg>
<status status="PASS" starttime="20221020 20:18:56.428" endtime="20221020 20:18:57.855"/>
</kw>
<kw name="Page Should Contain Element" library="SeleniumLibrary">
<arg>class:dropdown-menu</arg>
<doc>Verifies that element ``locator`` is found on the current page.</doc>
<msg timestamp="20221020 20:18:57.899" level="INFO">Current page contains element 'class:dropdown-menu'.</msg>
<status status="PASS" starttime="20221020 20:18:57.855" endtime="20221020 20:18:57.899"/>
</kw>
<kw name="Mouse Down" library="SeleniumLibrary">
<arg>xpath=//li[contains(.,'Протеин')]</arg>
<doc>Simulates pressing the left mouse button on the element ``locator``.</doc>
<msg timestamp="20221020 20:18:57.899" level="INFO">Simulating Mouse Down on element 'xpath=//li[contains(.,'Протеин')]'.</msg>
<status status="PASS" starttime="20221020 20:18:57.899" endtime="20221020 20:18:58.261"/>
</kw>
<kw name="Click Element" library="SeleniumLibrary">
<arg>xpath://li[contains(.,'Протеин')]</arg>
<doc>Click the element identified by ``locator``.</doc>
<msg timestamp="20221020 20:18:58.261" level="INFO">Clicking element 'xpath://li[contains(.,'Протеин')]'.</msg>
<status status="PASS" starttime="20221020 20:18:58.261" endtime="20221020 20:19:00.668"/>
</kw>
<kw name="Location Should Be" library="SeleniumLibrary">
<arg>https://vitaminof.ru/catalog/</arg>
<doc>Verifies that the current URL is exactly ``url``.</doc>
<msg timestamp="20221020 20:19:00.684" level="INFO">Current location is 'https://vitaminof.ru/catalog/'.</msg>
<status status="PASS" starttime="20221020 20:19:00.668" endtime="20221020 20:19:00.684"/>
</kw>
<kw name="Click Link" library="SeleniumLibrary">
<arg>//*[@id="content"]/ul/li[84]/a</arg>
<doc>Clicks a link identified by ``locator``.</doc>
<msg timestamp="20221020 20:19:00.684" level="INFO">Clicking link '//*[@id="content"]/ul/li[84]/a'.</msg>
<status status="PASS" starttime="20221020 20:19:00.684" endtime="20221020 20:19:03.908"/>
</kw>
<kw name="Location Should Be" library="SeleniumLibrary">
<arg>https://vitaminof.ru/catalog/proteiny/</arg>
<doc>Verifies that the current URL is exactly ``url``.</doc>
<msg timestamp="20221020 20:19:03.916" level="INFO">Current location is 'https://vitaminof.ru/catalog/proteiny/'.</msg>
<status status="PASS" starttime="20221020 20:19:03.908" endtime="20221020 20:19:03.916"/>
</kw>
<status status="PASS" starttime="20221020 20:18:56.428" endtime="20221020 20:19:03.916"/>
</kw>
<kw name="Sorting the category" library="resources_main">
<kw name="Click Link" library="SeleniumLibrary">
<arg>//*[@id="right_block_ajax"]/div/div[2]/div[1]/a[2]</arg>
<doc>Clicks a link identified by ``locator``.</doc>
<msg timestamp="20221020 20:19:03.916" level="INFO">Clicking link '//*[@id="right_block_ajax"]/div/div[2]/div[1]/a[2]'.</msg>
<status status="PASS" starttime="20221020 20:19:03.916" endtime="20221020 20:19:06.579"/>
</kw>
<kw name="Location Should Be" library="SeleniumLibrary">
<arg>https://vitaminof.ru/catalog/proteiny/?sort=PRICE&amp;order=desc</arg>
<doc>Verifies that the current URL is exactly ``url``.</doc>
<msg timestamp="20221020 20:19:06.585" level="INFO">Current location is 'https://vitaminof.ru/catalog/proteiny/?sort=PRICE&amp;order=desc'.</msg>
<status status="PASS" starttime="20221020 20:19:06.580" endtime="20221020 20:19:06.585"/>
</kw>
<status status="PASS" starttime="20221020 20:19:03.916" endtime="20221020 20:19:06.585"/>
</kw>
<kw name="The most expensive products" library="resources_main">
<kw name="Click Link" library="SeleniumLibrary">
<arg>//*[@id="bx_3966226736_14050_pict"]</arg>
<doc>Clicks a link identified by ``locator``.</doc>
<msg timestamp="20221020 20:19:06.585" level="INFO">Clicking link '//*[@id="bx_3966226736_14050_pict"]'.</msg>
<status status="PASS" starttime="20221020 20:19:06.585" endtime="20221020 20:19:08.416"/>
</kw>
<kw name="Click Element" library="SeleniumLibrary">
<arg>//*[@id="content"]/div[1]/div[4]/div[2]/div/div/div[2]/div[2]/div[1]/div[5]/div</arg>
<doc>Click the element identified by ``locator``.</doc>
<msg timestamp="20221020 20:19:08.418" level="INFO">Clicking element '//*[@id="content"]/div[1]/div[4]/div[2]/div/div/div[2]/div[2]/div[1]/div[5]/div'.</msg>
<status status="PASS" starttime="20221020 20:19:08.417" endtime="20221020 20:19:09.334"/>
</kw>
<kw name="Go Back" library="SeleniumLibrary">
<doc>Simulates the user clicking the back button on their browser.</doc>
<status status="PASS" starttime="20221020 20:19:09.334" endtime="20221020 20:19:10.615"/>
</kw>
<kw name="Click Link" library="SeleniumLibrary">
<arg>//*[@id="basket_line"]/div/div[2]/a</arg>
<doc>Clicks a link identified by ``locator``.</doc>
<msg timestamp="20221020 20:19:10.615" level="INFO">Clicking link '//*[@id="basket_line"]/div/div[2]/a'.</msg>
<status status="PASS" starttime="20221020 20:19:10.615" endtime="20221020 20:19:11.377"/>
</kw>
<status status="PASS" starttime="20221020 20:19:06.585" endtime="20221020 20:19:11.377"/>
</kw>
<kw name="Location Should Be" library="SeleniumLibrary">
<arg>https://vitaminof.ru/basket/</arg>
<doc>Verifies that the current URL is exactly ``url``.</doc>
<msg timestamp="20221020 20:19:11.385" level="INFO">Current location is 'https://vitaminof.ru/basket/'.</msg>
<status status="PASS" starttime="20221020 20:19:11.377" endtime="20221020 20:19:11.385"/>
</kw>
<kw name="Scroll Element Into View" library="SeleniumLibrary">
<arg>xpath://*[@id="basket_form"]/ul</arg>
<doc>Scrolls the element identified by ``locator`` into view.</doc>
<status status="PASS" starttime="20221020 20:19:11.385" endtime="20221020 20:19:11.739"/>
</kw>
<kw name="CLose Browser and Log" library="resources_main" type="TEARDOWN">
<kw name="Close Browser" library="SeleniumLibrary">
<doc>Closes the current browser.</doc>
<status status="PASS" starttime="20221020 20:19:11.739" endtime="20221020 20:19:13.918"/>
</kw>
<kw name="Log" library="BuiltIn">
<arg>The test is finished!</arg>
<doc>Logs the given message with the given level.</doc>
<msg timestamp="20221020 20:19:13.918" level="INFO">The test is finished!</msg>
<status status="PASS" starttime="20221020 20:19:13.918" endtime="20221020 20:19:13.918"/>
</kw>
<status status="PASS" starttime="20221020 20:19:11.739" endtime="20221020 20:19:13.918"/>
</kw>
<status status="PASS" starttime="20221020 20:18:47.470" endtime="20221020 20:19:13.918"/>
</test>
<status status="PASS" starttime="20221020 20:18:46.984" endtime="20221020 20:19:13.918"/>
</suite>
<statistics>
<total>
<stat pass="1" fail="0" skip="0">All Tests</stat>
</total>
<tag>
</tag>
<suite>
<stat pass="1" fail="0" skip="0" id="s1" name="Ru E-Shop">Ru E-Shop</stat>
</suite>
</statistics>
<errors>
</errors>
</robot>
